[debug] [2018-02-16T00:43:38.212Z] ----------------------------------------------------------------------
[debug] [2018-02-16T00:43:38.214Z] Command:       /usr/local/bin/node /usr/local/bin/firebase serve --only functions,hosting
[debug] [2018-02-16T00:43:38.214Z] CLI Version:   3.17.4
[debug] [2018-02-16T00:43:38.214Z] Platform:      darwin
[debug] [2018-02-16T00:43:38.214Z] Node Version:  v6.11.3
[debug] [2018-02-16T00:43:38.215Z] Time:          Thu Feb 15 2018 16:43:38 GMT-0800 (PST)
[debug] [2018-02-16T00:43:38.215Z] ----------------------------------------------------------------------
[debug] 
[debug] [2018-02-16T00:43:38.226Z] > command requires scopes: ["email","openid","https://www.googleapis.com/auth/cloudplatformprojects.readonly","https://www.googleapis.com/auth/firebase","https://www.googleapis.com/auth/cloud-platform"]
[debug] [2018-02-16T00:43:38.226Z] > authorizing via signed-in user
[debug] [2018-02-16T00:43:38.228Z] >>> HTTP REQUEST GET https://admin.firebase.com/v1/projects/savvy-aa31e  
  
 Thu Feb 15 2018 16:43:38 GMT-0800 (PST)
[debug] [2018-02-16T00:43:38.576Z] <<< HTTP RESPONSE 200
[debug] [2018-02-16T00:43:38.578Z] >>> HTTP REQUEST GET https://admin.firebase.com/v1/database/savvy-aa31e/tokens  
  
 Thu Feb 15 2018 16:43:38 GMT-0800 (PST)
[debug] [2018-02-16T00:43:39.235Z] <<< HTTP RESPONSE 200
[info] 
[info] === Serving from '/Users/aeivazia/Desktop/savvy'...
[info] 
[debug] [2018-02-16T00:43:39.239Z] >>> HTTP REQUEST GET https://cloudresourcemanager.googleapis.com/v1/projects/savvy-aa31e  
  
 Thu Feb 15 2018 16:43:39 GMT-0800 (PST)
[debug] [2018-02-16T00:43:39.950Z] <<< HTTP RESPONSE 200
[debug] [2018-02-16T00:43:39.951Z] >>> HTTP REQUEST GET https://mobilesdk-pa.googleapis.com/v1/projects/66499803255/clients/_:getWebAppConfig  
  
 Thu Feb 15 2018 16:43:39 GMT-0800 (PST)
[debug] [2018-02-16T00:43:40.769Z] <<< HTTP RESPONSE 200
[info] i  hosting: Serving hosting files from: public
[info] ✔  hosting: Local server: http://localhost:5000

