[debug] [2018-01-23T18:08:17.439Z] ----------------------------------------------------------------------
[debug] [2018-01-23T18:08:17.441Z] Command:       /usr/local/bin/node /usr/local/bin/firebase deploy
[debug] [2018-01-23T18:08:17.441Z] CLI Version:   3.16.0
[debug] [2018-01-23T18:08:17.441Z] Platform:      darwin
[debug] [2018-01-23T18:08:17.441Z] Node Version:  v6.11.3
[debug] [2018-01-23T18:08:17.442Z] Time:          Tue Jan 23 2018 10:08:17 GMT-0800 (PST)
[debug] [2018-01-23T18:08:17.442Z] ----------------------------------------------------------------------
[debug] 
[debug] [2018-01-23T18:08:17.454Z] > command requires scopes: ["email","openid","https://www.googleapis.com/auth/cloudplatformprojects.readonly","https://www.googleapis.com/auth/firebase","https://www.googleapis.com/auth/cloud-platform"]
[debug] [2018-01-23T18:08:17.454Z] > authorizing via signed-in user
[debug] [2018-01-23T18:08:17.456Z] > refreshing access token with scopes: ["email","https://www.googleapis.com/auth/cloud-platform","https://www.googleapis.com/auth/cloudplatformprojects.readonly","https://www.googleapis.com/auth/firebase","openid"]
[debug] [2018-01-23T18:08:17.456Z] >>> HTTP REQUEST POST https://www.googleapis.com/oauth2/v3/token  
 { refresh_token: '1/BmR5mb78A8hWO1gPoM9Xm0MRz-ZJtLQi6L1NlfH30cZsTrN7a27URT6-MBtRQArB',
  client_id: '563584335869-fgrhgmd47bqnekij5i8b5pr03ho849e6.apps.googleusercontent.com',
  client_secret: 'j9iVZfS8kkCEFUPaAeJV0sAi',
  grant_type: 'refresh_token',
  scope: 'email https://www.googleapis.com/auth/cloud-platform https://www.googleapis.com/auth/cloudplatformprojects.readonly https://www.googleapis.com/auth/firebase openid' } 
 Tue Jan 23 2018 10:08:17 GMT-0800 (PST)
[debug] [2018-01-23T18:08:18.304Z] <<< HTTP RESPONSE 200
[debug] [2018-01-23T18:08:18.313Z] >>> HTTP REQUEST GET https://admin.firebase.com/v1/projects/savvy-aa31e  
  
 Tue Jan 23 2018 10:08:18 GMT-0800 (PST)
[debug] [2018-01-23T18:08:19.029Z] <<< HTTP RESPONSE 200
[debug] [2018-01-23T18:08:19.030Z] >>> HTTP REQUEST GET https://admin.firebase.com/v1/database/savvy-aa31e/tokens  
  
 Tue Jan 23 2018 10:08:19 GMT-0800 (PST)
[debug] [2018-01-23T18:08:19.708Z] <<< HTTP RESPONSE 200
[info] 
[info] === Deploying to 'savvy-aa31e'...
[info] 
[info] i  deploying database, hosting
[info] i  database: checking rules syntax...
[debug] [2018-01-23T18:08:20.370Z] >>> HTTP REQUEST PUT https://savvy-aa31e.firebaseio.com/.settings/rules.json?dryRun=true  
 {
  "rules": {
    ".read": "auth == null",
    ".write": "auth == null"
  }
}
 
 Tue Jan 23 2018 10:08:20 GMT-0800 (PST)
[debug] [2018-01-23T18:08:20.973Z] <<< HTTP RESPONSE 200
[info] ✔  database: rules syntax for database savvy-aa31e is valid
[info] i  hosting: preparing public directory for upload...
[debug] [2018-01-23T18:08:22.189Z] >>> HTTP REQUEST PUT https://deploy.firebase.com/v1/hosting/savvy-aa31e/uploads/-L3ZC7dSJtFlFlg_waVr?fileCount=1047&message=  
  
 Tue Jan 23 2018 10:08:22 GMT-0800 (PST)
[debug] [2018-01-23T18:09:15.420Z] ----------------------------------------------------------------------
[debug] [2018-01-23T18:09:15.423Z] Command:       /usr/local/bin/node /usr/local/bin/firebase deploy
[debug] [2018-01-23T18:09:15.423Z] CLI Version:   3.16.0
[debug] [2018-01-23T18:09:15.423Z] Platform:      darwin
[debug] [2018-01-23T18:09:15.423Z] Node Version:  v6.11.3
[debug] [2018-01-23T18:09:15.424Z] Time:          Tue Jan 23 2018 10:09:15 GMT-0800 (PST)
[debug] [2018-01-23T18:09:15.424Z] ----------------------------------------------------------------------
[debug] 
[debug] [2018-01-23T18:09:15.438Z] > command requires scopes: ["email","openid","https://www.googleapis.com/auth/cloudplatformprojects.readonly","https://www.googleapis.com/auth/firebase","https://www.googleapis.com/auth/cloud-platform"]
[debug] [2018-01-23T18:09:15.439Z] > authorizing via signed-in user
[debug] [2018-01-23T18:09:15.441Z] >>> HTTP REQUEST GET https://admin.firebase.com/v1/projects/savvy-aa31e  
  
 Tue Jan 23 2018 10:09:15 GMT-0800 (PST)
[debug] [2018-01-23T18:09:15.834Z] <<< HTTP RESPONSE 200
[debug] [2018-01-23T18:09:15.835Z] >>> HTTP REQUEST GET https://admin.firebase.com/v1/database/savvy-aa31e/tokens  
  
 Tue Jan 23 2018 10:09:15 GMT-0800 (PST)
[debug] [2018-01-23T18:09:16.309Z] <<< HTTP RESPONSE 200
[info] 
[info] === Deploying to 'savvy-aa31e'...
[info] 
[info] i  deploying database, hosting
[info] i  database: checking rules syntax...
[debug] [2018-01-23T18:09:16.714Z] >>> HTTP REQUEST PUT https://savvy-aa31e.firebaseio.com/.settings/rules.json?dryRun=true  
 {
  "rules": {
    ".read": "auth == null",
    ".write": "auth == null"
  }
}
 
 Tue Jan 23 2018 10:09:16 GMT-0800 (PST)
[debug] [2018-01-23T18:09:18.022Z] <<< HTTP RESPONSE 200
[info] ✔  database: rules syntax for database savvy-aa31e is valid
[info] i  hosting: preparing public directory for upload...
[debug] [2018-01-23T18:09:19.247Z] >>> HTTP REQUEST PUT https://deploy.firebase.com/v1/hosting/savvy-aa31e/uploads/-L3ZCLZnpNCfteYCKMCD?fileCount=1047&message=  
  
 Tue Jan 23 2018 10:09:19 GMT-0800 (PST)
